Date, location, IP, User, Error
26/Aug/2025 1:51:06 pm, GMT+0530 (India Standard Time),QQ0167,192.168.102.132,ThulasiV,NA
2025-08-26T08:21:35.756Z - 68661a05564f7cfee780a4fd - Query: worksoft testing
Matching Data:
It seems you're looking for information about Worksoft and its testing solutions! 🌟

Worksoft is a leading global provider of automation software that specializes in high-velocity business process testing and discovery. Their tools aim to streamline quality assurance by focusing on the automation of various testing types:

1. **Mobile Automation Testing**: With the increase in mobile applications, reliable mobile automation testing is crucial. Worksoft emphasizes delivering high-quality mobile apps by automating tests, thus improving user experiences and reducing the risk of bugs.

2. **Functional Testing Automation**: This involves examining an application’s behavior from the end-user's perspective. Tools like Selenium, Appium, and Cucumber are employed to create automated functional tests that ensure the software meets specified requirements.

3. **API Testing Automation**: As applications often depend on APIs for data exchange, tools such as Postman and SoapUI are used to verify the correctness and reliability of these integrations.

In summary, Worksoft supports businesses in delivering seamless, high-quality applications through robust automated testing solutions, enhancing both user satisfaction and brand reputation. 💻✨

If you have more specific questions or need additional details, feel free to ask! 😊

2025-08-26T08:22:52.328Z - 68661a05564f7cfee780a4fd - Query: worksoft
Matching Data:
Worksoft is a leading global provider of automation software focused on high-velocity business process testing and discovery. Their solutions help businesses streamline quality assurance in software testing across various domains. Here are some key points about Worksoft's offerings:

1. **Mobile Automation Testing**: As mobile applications become increasingly critical, Worksoft emphasizes automating tests to ensure high quality and functionality, integral for user satisfaction. With millions of apps available, rigorous testing through automation is essential for competitive advantage.

2. **Functional Testing Automation**: This type of testing examines applications from an end-user perspective, ensuring they meet specified requirements. Worksoft leverages tools like Selenium for web applications, Appium for mobile apps, and Cucumber for Behavior-Driven Development to automate functional tests.

3. **API Testing Automation**: Given the reliance on APIs for data and functionality, Worksoft utilizes testing tools like Postman, SoapUI, and Rest-Assured to verify the correctness and reliability of APIs, ensuring seamless integration between systems.

Overall, Worksoft's automation solutions are designed to enhance the efficiency and effectiveness of testing processes, leading to better software quality and user experiences. If you need more information or specific details, let me know! 😊

2025-08-26T08:23:42.059Z - 68661a05564f7cfee780a4fd - Query: test cases in table format
Matching Data:
Here's a simple table format for organizing test cases based on the information provided about different types of testing:

| **Test Case ID** | **Description**                     | **Testing Type**         | **Automation Tools**             | **Expected Outcome**                               |
|------------------|-------------------------------------|--------------------------|----------------------------------|----------------------------------------------------|
| TC-001           | Verify unit function in Java using JUnit | Unit Testing Automation   | JUnit                            | Unit functions correctly and passes all assertions. |
| TC-002           | Validate user login functionality   | Functional Testing        | Selenium                         | User is able to log in successfully with valid credentials. |
| TC-003           | Test mobile application navigation   | Mobile Automation Testing  | Appium                           | User can navigate through all sections of the app smoothly. |
| TC-004           | Check API response for data fetch   | API Testing Automation     | Postman                          | API returns correct data and status 200 OK.       |
| TC-005           | Ensure user registration process works| Functional Testing        | Selenium                         | New user is registered successfully and receives a confirmation email. |

Feel free to modify any details or add more test cases as needed! If you have any more specific queries or need additional information, just let me know! 😊
